#
# There is insufficient memory for the Java Runtime Environment to continue.
# Native memory allocation (mmap) failed to map 32505856 bytes for Failed to commit area from 0x000000008b400000 to 0x000000008d300000 of length 32505856.
# Possible reasons:
#   The system is out of physical RAM or swap space
#   The process is running with CompressedOops enabled, and the Java Heap may be blocking the growth of the native heap
# Possible solutions:
#   Reduce memory load on the system
#   Increase physical memory or swap space
#   Check if swap backing store is full
#   Decrease Java heap size (-Xmx/-Xms)
#   Decrease number of Java threads
#   Decrease Java thread stack sizes (-Xss)
#   Set larger code cache with -XX:ReservedCodeCacheSize=
#   JVM is running with Unscaled Compressed Oops mode in which the Java heap is
#     placed in the first 4GB address space. The Java Heap base address is the
#     maximum limit for the native heap growth. Please use -XX:HeapBaseMinAddress
#     to set the Java Heap base and to place the Java Heap above 4GB virtual address.
# This output file may be truncated or incomplete.
#
#  Out of Memory Error (c:/cygwin64/tmp/tmp.TXOXHbs2hY/workspace/build/src/src/hotspot/os/windows/os_windows.cpp:3269), pid=3888, tid=7336
#
# JRE version: OpenJDK Runtime Environment (11.0+28) (build 11+28-201810022317)
# Java VM: OpenJDK 64-Bit Server VM (11+28-201810022317, mixed mode, tiered, compressed oops, g1 gc, windows-amd64)
# No core dump will be written. Minidumps are not enabled by default on client versions of Windows
#

---------------  S U M M A R Y ------------

Command Line: -Dcom.sun.management.jmxremote -Dcom.sun.management.jmxremote.port=56878 -Dcom.sun.management.jmxremote.authenticate=false -Dcom.sun.management.jmxremote.ssl=false -Djava.rmi.server.hostname=localhost -Dspring.liveBeansView.mbeanDomain -Dspring.application.admin.enabled=true -Xverify:none -XX:TieredStopAtLevel=1 -Dfile.encoding=UTF-8 jp.co.worldss.MybootApp3Application --spring.output.ansi.enabled=always

Host: Intel(R) Core(TM) i5-7200U CPU @ 2.50GHz, 4 cores, 7G,  Windows 10 , 64 bit Build 19041 (10.0.19041.1806)
Time: Thu Jul 21 17:42:06 2022 ???? (?W?€??) elapsed time: 6 seconds (0d 0h 0m 6s)

---------------  T H R E A D  ---------------

Current thread (0x000001d162d35000):  VMThread "VM Thread" [stack: 0x000000496e200000,0x000000496e300000] [id=7336]

Stack: [0x000000496e200000,0x000000496e300000]
[error occurred during error reporting (printing stack bounds), id 0xc0000005, EXCEPTION_ACCESS_VIOLATION (0xc0000005) at pc=0x00007ffaa4234c8f]

Native frames: (J=compiled Java code, j=interpreted, Vv=VM code, C=native code)
V  [jvm.dll+0x5e1899]

VM_Operation (0x000000496f4fb710): G1CollectForAllocation, mode: safepoint, requested by thread 0x000001d164bd0000


---------------  P R O C E S S  ---------------

Threads class SMR info:
_java_thread_list=0x000001d16595a300, length=22, elements={
0x000001d1449ba800, 0x000001d162d39800, 0x000001d162d3b000, 0x000001d163868000,
0x000001d16386b000, 0x000001d16386f000, 0x000001d163870000, 0x000001d163800800,
0x000001d163a2b000, 0x000001d16407e800, 0x000001d1640ea000, 0x000001d1640cb000,
0x000001d164170000, 0x000001d164bcf000, 0x000001d164bd0000, 0x000001d165149800,
0x000001d165294000, 0x000001d165310800, 0x000001d1671e0800, 0x000001d1671e1000,
0x000001d165964800, 0x000001d16529c800
}

Java Threads: ( => current thread )
  0x000001d1449ba800 JavaThread "main" [_thread_blocked, id=5752, stack(0x000000496dc00000,0x000000496dd00000)]
  0x000001d162d39800 JavaThread "Reference Handler" daemon [_thread_blocked, id=5512, stack(0x000000496e300000,0x000000496e400000)]
  0x000001d162d3b000 JavaThread "Finalizer" daemon [_thread_blocked, id=18828, stack(0x000000496e400000,0x000000496e500000)]
  0x000001d163868000 JavaThread "Signal Dispatcher" daemon [_thread_blocked, id=17672, stack(0x000000496e500000,0x000000496e600000)]
  0x000001d16386b000 JavaThread "Attach Listener" daemon [_thread_blocked, id=7576, stack(0x000000496e600000,0x000000496e700000)]
  0x000001d16386f000 JavaThread "C1 CompilerThread0" daemon [_thread_blocked, id=6240, stack(0x000000496e700000,0x000000496e800000)]
  0x000001d163870000 JavaThread "Sweeper thread" daemon [_thread_blocked, id=19788, stack(0x000000496e800000,0x000000496e900000)]
  0x000001d163800800 JavaThread "Common-Cleaner" daemon [_thread_blocked, id=10752, stack(0x000000496e900000,0x000000496ea00000)]
  0x000001d163a2b000 JavaThread "Service Thread" daemon [_thread_blocked, id=19164, stack(0x000000496ea00000,0x000000496eb00000)]
  0x000001d16407e800 JavaThread "C1 CompilerThread1" daemon [_thread_blocked, id=18536, stack(0x000000496eb00000,0x000000496ec00000)]
  0x000001d1640ea000 JavaThread "RMI TCP Accept-0" daemon [_thread_in_native, id=14264, stack(0x000000496ec00000,0x000000496ed00000)]
  0x000001d1640cb000 JavaThread "RMI TCP Accept-56878" daemon [_thread_in_native, id=11892, stack(0x000000496ed00000,0x000000496ee00000)]
  0x000001d164170000 JavaThread "RMI TCP Accept-0" daemon [_thread_in_native, id=14844, stack(0x000000496ee00000,0x000000496ef00000)]
  0x000001d164bcf000 JavaThread "Thread-0" [_thread_blocked, id=11984, stack(0x000000496f300000,0x000000496f400000)]
  0x000001d164bd0000 JavaThread "restartedMain" [_thread_blocked, id=12228, stack(0x000000496f400000,0x000000496f500000)]
  0x000001d165149800 JavaThread "C1 CompilerThread2" daemon [_thread_blocked, id=11008, stack(0x000000496f600000,0x000000496f700000)]
  0x000001d165294000 JavaThread "mysql-cj-abandoned-connection-cleanup" daemon [_thread_blocked, id=11496, stack(0x000000496f700000,0x000000496f800000)]
  0x000001d165310800 JavaThread "HikariPool-1 housekeeper" daemon [_thread_blocked, id=11756, stack(0x000000496f900000,0x000000496fa00000)]
  0x000001d1671e0800 JavaThread "Catalina-utility-1" [_thread_blocked, id=6676, stack(0x000000496fa00000,0x000000496fb00000)]
  0x000001d1671e1000 JavaThread "Catalina-utility-2" [_thread_blocked, id=14056, stack(0x000000496fb00000,0x000000496fc00000)]
  0x000001d165964800 JavaThread "container-0" [_thread_blocked, id=12776, stack(0x000000496fc00000,0x000000496fd00000)]
  0x000001d16529c800 JavaThread "HikariPool-1 connection adder" daemon [_thread_blocked, id=12716, stack(0x000000496fd00000,0x000000496fe00000)]

Other Threads:
=>0x000001d162d35000 VMThread "VM Thread" [stack: 0x000000496e200000,0x000000496e300000] [id=7336]
  0x000001d164172000 WatcherThread [stack: 0x000000496ef00000,0x000000496f000000] [id=972]
  0x000001d1449d0800 GCTaskThread "GC Thread#0" [stack: 0x000000496dd00000,0x000000496de00000] [id=8868]
  0x000001d164177800 GCTaskThread "GC Thread#1" [stack: 0x000000496f000000,0x000000496f100000] [id=20272]
  0x000001d164178000 GCTaskThread "GC Thread#2" [stack: 0x000000496f100000,0x000000496f200000] [id=12492]
  0x000001d164bee800 GCTaskThread "GC Thread#3" [stack: 0x000000496f500000,0x000000496f600000] [id=12928]
  0x000001d144a02800 ConcurrentGCThread "G1 Main Marker" [stack: 0x000000496de00000,0x000000496df00000] [id=16204]
  0x000001d144a05800 ConcurrentGCThread "G1 Conc#0" [stack: 0x000000496df00000,0x000000496e000000] [id=4324]
  0x000001d162c1f000 ConcurrentGCThread "G1 Refine#0" [stack: 0x000000496e000000,0x000000496e100000] [id=3748]
  0x000001d163b74800 ConcurrentGCThread "G1 Refine#1" [stack: 0x000000496f200000,0x000000496f300000] [id=18476]
  0x000001d162c22000 ConcurrentGCThread "G1 Young RemSet Sampling" [stack: 0x000000496e100000,0x000000496e200000] [id=18388]

Threads with active compile tasks:

VM state:at safepoint (normal execution)

VM Mutex/Monitor currently owned by a thread:  ([mutex/lock_event])
[0x000001d1449b8080] Threads_lock - owner thread: 0x000001d162d35000
[0x000001d1449b79c0] Heap_lock - owner thread: 0x000001d164bd0000

Heap address: 0x0000000081a00000, size: 2022 MB, Compressed Oops mode: 32-bit
Narrow klass base: 0x0000000000000000, Narrow klass shift: 3
Compressed class space size: 1073741824 Address: 0x0000000100000000

Heap:
 garbage-first heap   total 189440K, used 23066K [0x0000000081a00000, 0x0000000100000000)
  region size 1024K, 8 young (8192K), 8 survivors (8192K)
 Metaspace       used 49562K, capacity 51121K, committed 51356K, reserved 1103872K
  class space    used 6303K, capacity 6879K, committed 6912K, reserved 1048576K
Heap Regions: E=young(eden), S=young(survivor), O=old, HS=humongous(starts), HC=humongous(continues), CS=collection set, F=free, A=archive, TAMS=top-at-mark-start (previous, next)
|   0|0x0000000081a00000, 0x0000000081b00000, 0x0000000081b00000|100%|HS|  |TAMS 0x0000000081b00000, 0x0000000081a00000| Complete 
|   1|0x0000000081b00000, 0x0000000081c00000, 0x0000000081c00000|100%| O|  |TAMS 0x0000000081c00000, 0x0000000081b00000| Untracked 
|   2|0x0000000081c00000, 0x0000000081d00000, 0x0000000081d00000|100%| O|  |TAMS 0x0000000081d00000, 0x0000000081c00000| Untracked 
|   3|0x0000000081d00000, 0x0000000081e00000, 0x0000000081e00000|100%| O|  |TAMS 0x0000000081e00000, 0x0000000081d00000| Untracked 
|   4|0x0000000081e00000, 0x0000000081f00000, 0x0000000081f00000|100%| O|  |TAMS 0x0000000081f00000, 0x0000000081e00000| Untracked 
|   5|0x0000000081f00000, 0x0000000082000000, 0x0000000082000000|100%| O|  |TAMS 0x0000000082000000, 0x0000000081f00000| Untracked 
|   6|0x0000000082000000, 0x0000000082100000, 0x0000000082100000|100%| O|  |TAMS 0x0000000082100000, 0x0000000082000000| Untracked 
|   7|0x0000000082100000, 0x0000000082200000, 0x0000000082200000|100%| O|  |TAMS 0x0000000082200000, 0x0000000082100000| Untracked 
|   8|0x0000000082200000, 0x0000000082300000, 0x0000000082300000|100%| O|  |TAMS 0x0000000082300000, 0x0000000082200000| Untracked 
|   9|0x0000000082300000, 0x0000000082400000, 0x0000000082400000|100%| O|  |TAMS 0x0000000082400000, 0x0000000082300000| Untracked 
|  10|0x0000000082400000, 0x0000000082500000, 0x0000000082500000|100%| O|  |TAMS 0x00000000824cd800, 0x0000000082400000| Untracked 
|  11|0x0000000082500000, 0x0000000082600000, 0x0000000082600000|100%| O|  |TAMS 0x0000000082500000, 0x0000000082500000| Untracked 
|  12|0x0000000082600000, 0x0000000082700000, 0x0000000082700000|100%| O|  |TAMS 0x0000000082600000, 0x0000000082600000| Untracked 
|  13|0x0000000082700000, 0x0000000082800000, 0x0000000082800000|100%| O|  |TAMS 0x0000000082700000, 0x0000000082700000| Untracked 
|  14|0x0000000082800000, 0x0000000082886a00, 0x0000000082900000| 52%| O|  |TAMS 0x0000000082800000, 0x0000000082800000| Untracked 
|  15|0x0000000082900000, 0x0000000082900000, 0x0000000082a00000|  0%| F|  |TAMS 0x0000000082900000, 0x0000000082900000| Untracked 
|  16|0x0000000082a00000, 0x0000000082a00000, 0x0000000082b00000|  0%| F|  |TAMS 0x0000000082a00000, 0x0000000082a00000| Untracked 
|  17|0x0000000082b00000, 0x0000000082b00000, 0x0000000082c00000|  0%| F|  |TAMS 0x0000000082b00000, 0x0000000082b00000| Untracked 
|  18|0x0000000082c00000, 0x0000000082c00000, 0x0000000082d00000|  0%| F|  |TAMS 0x0000000082c00000, 0x0000000082c00000| Untracked 
|  19|0x0000000082d00000, 0x0000000082d00000, 0x0000000082e00000|  0%| F|  |TAMS 0x0000000082d00000, 0x0000000082d00000| Untracked 
|  20|0x0000000082e00000, 0x0000000082e00000, 0x0000000082f00000|  0%| F|  |TAMS 0x0000000082e00000, 0x0000000082e00000| Untracked 
|  21|0x0000000082f00000, 0x0000000082f00000, 0x0000000083000000|  0%| F|  |TAMS 0x0000000082f00000, 0x0000000082f00000| Untracked 
|  22|0x0000000083000000, 0x0000000083000000, 0x0000000083100000|  0%| F|  |TAMS 0x0000000083000000, 0x0000000083000000| Untracked 
|  23|0x0000000083100000, 0x0000000083100000, 0x0000000083200000|  0%| F|  |TAMS 0x0000000083100000, 0x0000000083100000| Untracked 
|  24|0x0000000083200000, 0x0000000083200000, 0x0000000083300000|  0%| F|  |TAMS 0x0000000083200000, 0x0000000083200000| Untracked 
|  25|0x0000000083300000, 0x0000000083300000, 0x0000000083400000|  0%| F|  |TAMS 0x0000000083300000, 0x0000000083300000| Untracked 
|  26|0x0000000083400000, 0x0000000083400000, 0x0000000083500000|  0%| F|  |TAMS 0x0000000083400000, 0x0000000083400000| Untracked 
|  27|0x0000000083500000, 0x0000000083500000, 0x0000000083600000|  0%| F|  |TAMS 0x0000000083500000, 0x0000000083500000| Untracked 
|  28|0x0000000083600000, 0x0000000083600000, 0x0000000083700000|  0%| F|  |TAMS 0x0000000083600000, 0x0000000083600000| Untracked 
|  29|0x0000000083700000, 0x0000000083700000, 0x0000000083800000|  0%| F|  |TAMS 0x0000000083700000, 0x0000000083700000| Untracked 
|  30|0x0000000083800000, 0x0000000083800000, 0x0000000083900000|  0%| F|  |TAMS 0x0000000083800000, 0x0000000083800000| Untracked 
|  31|0x0000000083900000, 0x0000000083900000, 0x0000000083a00000|  0%| F|  |TAMS 0x0000000083900000, 0x0000000083900000| Untracked 
|  32|0x0000000083a00000, 0x0000000083a00000, 0x0000000083b00000|  0%| F|  |TAMS 0x0000000083a00000, 0x0000000083a00000| Untracked 
|  33|0x0000000083b00000, 0x0000000083b00000, 0x0000000083c00000|  0%| F|  |TAMS 0x0000000083b00000, 0x0000000083b00000| Untracked 
|  34|0x0000000083c00000, 0x0000000083c00000, 0x0000000083d00000|  0%| F|  |TAMS 0x0000000083c00000, 0x0000000083c00000| Untracked 
|  35|0x0000000083d00000, 0x0000000083d00000, 0x0000000083e00000|  0%| F|  |TAMS 0x0000000083d00000, 0x0000000083d00000| Untracked 
|  36|0x0000000083e00000, 0x0000000083e00000, 0x0000000083f00000|  0%| F|  |TAMS 0x0000000083e00000, 0x0000000083e00000| Untracked 
|  37|0x0000000083f00000, 0x0000000083f00000, 0x0000000084000000|  0%| F|  |TAMS 0x0000000083f00000, 0x0000000083f00000| Untracked 
|  38|0x0000000084000000, 0x0000000084000000, 0x0000000084100000|  0%| F|  |TAMS 0x0000000084000000, 0x0000000084000000| Untracked 
|  39|0x0000000084100000, 0x0000000084100000, 0x0000000084200000|  0%| F|  |TAMS 0x0000000084100000, 0x0000000084100000| Untracked 
|  40|0x0000000084200000, 0x0000000084200000, 0x0000000084300000|  0%| F|  |TAMS 0x0000000084200000, 0x0000000084200000| Untracked 
|  41|0x0000000084300000, 0x0000000084300000, 0x0000000084400000|  0%| F|  |TAMS 0x0000000084300000, 0x0000000084300000| Untracked 
|  42|0x0000000084400000, 0x0000000084400000, 0x0000000084500000|  0%| F|  |TAMS 0x0000000084400000, 0x0000000084400000| Untracked 
|  43|0x0000000084500000, 0x0000000084500000, 0x0000000084600000|  0%| F|  |TAMS 0x0000000084500000, 0x0000000084500000| Untracked 
|  44|0x0000000084600000, 0x0000000084600000, 0x0000000084700000|  0%| F|  |TAMS 0x0000000084600000, 0x0000000084600000| Untracked 
|  45|0x0000000084700000, 0x0000000084700000, 0x0000000084800000|  0%| F|  |TAMS 0x0000000084700000, 0x0000000084700000| Untracked 
|  46|0x0000000084800000, 0x0000000084800000, 0x0000000084900000|  0%| F|  |TAMS 0x0000000084800000, 0x0000000084800000| Untracked 
|  47|0x0000000084900000, 0x0000000084900000, 0x0000000084a00000|  0%| F|  |TAMS 0x0000000084900000, 0x0000000084900000| Untracked 
|  48|0x0000000084a00000, 0x0000000084a00000, 0x0000000084b00000|  0%| F|  |TAMS 0x0000000084a00000, 0x0000000084a00000| Untracked 
|  49|0x0000000084b00000, 0x0000000084b00000, 0x0000000084c00000|  0%| F|  |TAMS 0x0000000084b00000, 0x0000000084b00000| Untracked 
|  50|0x0000000084c00000, 0x0000000084c00000, 0x0000000084d00000|  0%| F|  |TAMS 0x0000000084c00000, 0x0000000084c00000| Untracked 
|  51|0x0000000084d00000, 0x0000000084d00000, 0x0000000084e00000|  0%| F|  |TAMS 0x0000000084d00000, 0x0000000084d00000| Untracked 
|  52|0x0000000084e00000, 0x0000000084e00000, 0x0000000084f00000|  0%| F|  |TAMS 0x0000000084e00000, 0x0000000084e00000| Untracked 
|  53|0x0000000084f00000, 0x0000000084f00000, 0x0000000085000000|  0%| F|  |TAMS 0x0000000084f00000, 0x0000000084f00000| Untracked 
|  54|0x0000000085000000, 0x0000000085100000, 0x0000000085100000|100%| S|CS|TAMS 0x0000000085000000, 0x0000000085000000| Complete 
|  55|0x0000000085100000, 0x0000000085200000, 0x0000000085200000|100%| S|CS|TAMS 0x0000000085100000, 0x0000000085100000| Complete 
|  56|0x0000000085200000, 0x0000000085300000, 0x0000000085300000|100%| S|CS|TAMS 0x0000000085200000, 0x0000000085200000| Complete 
|  57|0x0000000085300000, 0x0000000085400000, 0x0000000085400000|100%| S|CS|TAMS 0x0000000085300000, 0x0000000085300000| Complete 
|  58|0x0000000085400000, 0x0000000085500000, 0x0000000085500000|100%| S|CS|TAMS 0x0000000085400000, 0x0000000085400000| Complete 
|  59|0x0000000085500000, 0x0000000085600000, 0x0000000085600000|100%| S|CS|TAMS 0x0000000085500000, 0x0000000085500000| Complete 
|  60|0x0000000085600000, 0x0000000085700000, 0x0000000085700000|100%| S|CS|TAMS 0x0000000085600000, 0x0000000085600000| Complete 
|  61|0x0000000085700000, 0x0000000085800000, 0x0000000085800000|100%| S|CS|TAMS 0x0000000085700000, 0x0000000085700000| Complete 
|  62|0x0000000085800000, 0x0000000085800000, 0x0000000085900000|  0%| F|  |TAMS 0x0000000085800000, 0x0000000085800000| Untracked 
|  63|0x0000000085900000, 0x0000000085900000, 0x0000000085a00000|  0%| F|  |TAMS 0x0000000085900000, 0x0000000085900000| Untracked 
|  64|0x0000000085a00000, 0x0000000085a00000, 0x0000000085b00000|  0%| F|  |TAMS 0x0000000085a00000, 0x0000000085a00000| Untracked 
|  65|0x0000000085b00000, 0x0000000085b00000, 0x0000000085c00000|  0%| F|  |TAMS 0x0000000085b00000, 0x0000000085b00000| Untracked 
|  66|0x0000000085c00000, 0x0000000085c00000, 0x0000000085d00000|  0%| F|  |TAMS 0x0000000085c00000, 0x0000000085c00000| Untracked 
|  67|0x0000000085d00000, 0x0000000085d00000, 0x0000000085e00000|  0%| F|  |TAMS 0x0000000085d00000, 0x0000000085d00000| Untracked 
|  68|0x0000000085e00000, 0x0000000085e00000, 0x0000000085f00000|  0%| F|  |TAMS 0x0000000085e00000, 0x0000000085e00000| Untracked 
|  69|0x0000000085f00000, 0x0000000085f00000, 0x0000000086000000|  0%| F|  |TAMS 0x0000000085f00000, 0x0000000085f00000| Untracked 
|  70|0x0000000086000000, 0x0000000086000000, 0x0000000086100000|  0%| F|  |TAMS 0x0000000086000000, 0x0000000086000000| Untracked 
|  71|0x0000000086100000, 0x0000000086100000, 0x0000000086200000|  0%| F|  |TAMS 0x0000000086100000, 0x0000000086100000| Untracked 
|  72|0x0000000086200000, 0x0000000086200000, 0x0000000086300000|  0%| F|  |TAMS 0x0000000086200000, 0x0000000086200000| Untracked 
|  73|0x0000000086300000, 0x0000000086300000, 0x0000000086400000|  0%| F|  |TAMS 0x0000000086300000, 0x0000000086300000| Untracked 
|  74|0x0000000086400000, 0x0000000086400000, 0x0000000086500000|  0%| F|  |TAMS 0x0000000086400000, 0x0000000086400000| Untracked 
|  75|0x0000000086500000, 0x0000000086500000, 0x0000000086600000|  0%| F|  |TAMS 0x0000000086500000, 0x0000000086500000| Untracked 
|  76|0x0000000086600000, 0x0000000086600000, 0x0000000086700000|  0%| F|  |TAMS 0x0000000086600000, 0x0000000086600000| Untracked 
|  77|0x0000000086700000, 0x0000000086700000, 0x0000000086800000|  0%| F|  |TAMS 0x0000000086700000, 0x0000000086700000| Untracked 
|  78|0x0000000086800000, 0x0000000086800000, 0x0000000086900000|  0%| F|  |TAMS 0x0000000086800000, 0x0000000086800000| Untracked 
|  79|0x0000000086900000, 0x0000000086900000, 0x0000000086a00000|  0%| F|  |TAMS 0x0000000086900000, 0x0000000086900000| Untracked 
|  80|0x0000000086a00000, 0x0000000086a00000, 0x0000000086b00000|  0%| F|  |TAMS 0x0000000086a00000, 0x0000000086a00000| Untracked 
|  81|0x0000000086b00000, 0x0000000086b00000, 0x0000000086c00000|  0%| F|  |TAMS 0x0000000086b00000, 0x0000000086b00000| Untracked 
|  82|0x0000000086c00000, 0x0000000086c00000, 0x0000000086d00000|  0%| F|  |TAMS 0x0000000086c00000, 0x0000000086c00000| Untracked 
|  83|0x0000000086d00000, 0x0000000086d00000, 0x0000000086e00000|  0%| F|  |TAMS 0x0000000086d00000, 0x0000000086d00000| Untracked 
|  84|0x0000000086e00000, 0x0000000086e00000, 0x0000000086f00000|  0%| F|  |TAMS 0x0000000086e00000, 0x0000000086e00000| Untracked 
|  85|0x0000000086f00000, 0x0000000086f00000, 0x0000000087000000|  0%| F|  |TAMS 0x0000000086f00000, 0x0000000086f00000| Untracked 
|  86|0x0000000087000000, 0x0000000087000000, 0x0000000087100000|  0%| F|  |TAMS 0x0000000087000000, 0x0000000087000000| Untracked 
|  87|0x0000000087100000, 0x0000000087100000, 0x0000000087200000|  0%| F|  |TAMS 0x0000000087100000, 0x0000000087100000| Untracked 
|  88|0x0000000087200000, 0x0000000087200000, 0x0000000087300000|  0%| F|  |TAMS 0x0000000087200000, 0x0000000087200000| Untracked 
|  89|0x0000000087300000, 0x0000000087300000, 0x0000000087400000|  0%| F|  |TAMS 0x0000000087300000, 0x0000000087300000| Untracked 
|  90|0x0000000087400000, 0x0000000087400000, 0x0000000087500000|  0%| F|  |TAMS 0x0000000087400000, 0x0000000087400000| Untracked 
|  91|0x0000000087500000, 0x0000000087500000, 0x0000000087600000|  0%| F|  |TAMS 0x0000000087500000, 0x0000000087500000| Untracked 
|  92|0x0000000087600000, 0x0000000087600000, 0x0000000087700000|  0%| F|  |TAMS 0x0000000087600000, 0x0000000087600000| Untracked 
|  93|0x0000000087700000, 0x0000000087700000, 0x0000000087800000|  0%| F|  |TAMS 0x0000000087700000, 0x0000000087700000| Untracked 
|  94|0x0000000087800000, 0x0000000087800000, 0x0000000087900000|  0%| F|  |TAMS 0x0000000087800000, 0x0000000087800000| Untracked 
|  95|0x0000000087900000, 0x0000000087900000, 0x0000000087a00000|  0%| F|  |TAMS 0x0000000087900000, 0x0000000087900000| Untracked 
|  96|0x0000000087a00000, 0x0000000087a00000, 0x0000000087b00000|  0%| F|  |TAMS 0x0000000087a00000, 0x0000000087a00000| Untracked 
|  97|0x0000000087b00000, 0x0000000087b00000, 0x0000000087c00000|  0%| F|  |TAMS 0x0000000087b00000, 0x0000000087b00000| Untracked 
|  98|0x0000000087c00000, 0x0000000087c00000, 0x0000000087d00000|  0%| F|  |TAMS 0x0000000087c00000, 0x0000000087c00000| Untracked 
|  99|0x0000000087d00000, 0x0000000087d00000, 0x0000000087e00000|  0%| F|  |TAMS 0x0000000087d00000, 0x0000000087d00000| Untracked 
| 100|0x0000000087e00000, 0x0000000087e00000, 0x0000000087f00000|  0%| F|  |TAMS 0x0000000087e00000, 0x0000000087e00000| Untracked 
| 101|0x0000000087f00000, 0x0000000087f00000, 0x0000000088000000|  0%| F|  |TAMS 0x0000000087f00000, 0x0000000087f00000| Untracked 
| 102|0x0000000088000000, 0x0000000088000000, 0x0000000088100000|  0%| F|  |TAMS 0x0000000088000000, 0x0000000088000000| Untracked 
| 103|0x0000000088100000, 0x0000000088100000, 0x0000000088200000|  0%| F|  |TAMS 0x0000000088100000, 0x0000000088100000| Untracked 
| 104|0x0000000088200000, 0x0000000088200000, 0x0000000088300000|  0%| F|  |TAMS 0x0000000088200000, 0x0000000088200000| Untracked 
| 105|0x0000000088300000, 0x0000000088300000, 0x0000000088400000|  0%| F|  |TAMS 0x0000000088300000, 0x0000000088300000| Untracked 
| 106|0x0000000088400000, 0x0000000088400000, 0x0000000088500000|  0%| F|  |TAMS 0x0000000088400000, 0x0000000088400000| Untracked 
| 107|0x0000000088500000, 0x0000000088500000, 0x0000000088600000|  0%| F|  |TAMS 0x0000000088500000, 0x0000000088500000| Untracked 
| 108|0x0000000088600000, 0x0000000088600000, 0x0000000088700000|  0%| F|  |TAMS 0x0000000088600000, 0x0000000088600000| Untracked 
| 109|0x0000000088700000, 0x0000000088700000, 0x0000000088800000|  0%| F|  |TAMS 0x0000000088700000, 0x0000000088700000| Untracked 
| 110|0x0000000088800000, 0x0000000088800000, 0x0000000088900000|  0%| F|  |TAMS 0x0000000088800000, 0x0000000088800000| Untracked 
| 111|0x0000000088900000, 0x0000000088900000, 0x0000000088a00000|  0%| F|  |TAMS 0x0000000088900000, 0x0000000088900000| Untracked 
| 112|0x0000000088a00000, 0x0000000088a00000, 0x0000000088b00000|  0%| F|  |TAMS 0x0000000088a00000, 0x0000000088a00000| Untracked 
| 113|0x0000000088b00000, 0x0000000088b00000, 0x0000000088c00000|  0%| F|  |TAMS 0x0000000088b00000, 0x0000000088b00000| Untracked 
| 114|0x0000000088c00000, 0x0000000088c00000, 0x0000000088d00000|  0%| F|  |TAMS 0x0000000088c00000, 0x0000000088c00000| Untracked 
| 115|0x0000000088d00000, 0x0000000088d00000, 0x0000000088e00000|  0%| F|  |TAMS 0x0000000088d00000, 0x0000000088d00000| Untracked 
| 116|0x0000000088e00000, 0x0000000088e00000, 0x0000000088f00000|  0%| F|  |TAMS 0x0000000088e00000, 0x0000000088e00000| Untracked 
| 117|0x0000000088f00000, 0x0000000088f00000, 0x0000000089000000|  0%| F|  |TAMS 0x0000000088f00000, 0x0000000088f00000| Untracked 
| 118|0x0000000089000000, 0x0000000089000000, 0x0000000089100000|  0%| F|  |TAMS 0x0000000089000000, 0x0000000089000000| Untracked 
| 119|0x0000000089100000, 0x0000000089100000, 0x0000000089200000|  0%| F|  |TAMS 0x0000000089100000, 0x0000000089100000| Untracked 
| 120|0x0000000089200000, 0x0000000089200000, 0x0000000089300000|  0%| F|  |TAMS 0x0000000089200000, 0x0000000089200000| Untracked 
| 121|0x0000000089300000, 0x0000000089300000, 0x0000000089400000|  0%| F|  |TAMS 0x0000000089300000, 0x0000000089300000| Untracked 
| 122|0x0000000089400000, 0x0000000089400000, 0x0000000089500000|  0%| F|  |TAMS 0x0000000089400000, 0x0000000089400000| Untracked 
| 123|0x0000000089500000, 0x0000000089500000, 0x0000000089600000|  0%| F|  |TAMS 0x0000000089500000, 0x0000000089500000| Untracked 
| 124|0x0000000089600000, 0x0000000089600000, 0x0000000089700000|  0%| F|  |TAMS 0x0000000089600000, 0x0000000089600000| Untracked 
| 125|0x0000000089700000, 0x0000000089700000, 0x0000000089800000|  0%| F|  |TAMS 0x0000000089700000, 0x0000000089700000| Untracked 
| 126|0x0000000089800000, 0x0000000089800000, 0x0000000089900000|  0%| F|  |TAMS 0x0000000089800000, 0x0000000089800000| Untracked 
| 127|0x0000000089900000, 0x0000000089900000, 0x0000000089a00000|  0%| F|  |TAMS 0x0000000089900000, 0x0000000089900000| Untracked 
| 128|0x0000000089a00000, 0x0000000089a00000, 0x0000000089b00000|  0%| F|  |TAMS 0x0000000089a00000, 0x0000000089a00000| Untracked 
| 129|0x0000000089b00000, 0x0000000089b00000, 0x0000000089c00000|  0%| F|  |TAMS 0x0000000089b00000, 0x0000000089b00000| Untracked 
| 130|0x0000000089c00000, 0x0000000089c00000, 0x0000000089d00000|  0%| F|  |TAMS 0x0000000089c00000, 0x0000000089c00000| Untracked 
| 131|0x0000000089d00000, 0x0000000089d00000, 0x0000000089e00000|  0%| F|  |TAMS 0x0000000089d00000, 0x0000000089d00000| Untracked 
| 132|0x0000000089e00000, 0x0000000089e00000, 0x0000000089f00000|  0%| F|  |TAMS 0x0000000089e00000, 0x0000000089e00000| Untracked 
| 133|0x0000000089f00000, 0x0000000089f00000, 0x000000008a000000|  0%| F|  |TAMS 0x0000000089f00000, 0x0000000089f00000| Untracked 
| 134|0x000000008a000000, 0x000000008a000000, 0x000000008a100000|  0%| F|  |TAMS 0x000000008a000000, 0x000000008a000000| Untracked 
| 135|0x000000008a100000, 0x000000008a100000, 0x000000008a200000|  0%| F|  |TAMS 0x000000008a100000, 0x000000008a100000| Untracked 
| 136|0x000000008a200000, 0x000000008a200000, 0x000000008a300000|  0%| F|  |TAMS 0x000000008a200000, 0x000000008a200000| Untracked 
| 137|0x000000008a300000, 0x000000008a300000, 0x000000008a400000|  0%| F|  |TAMS 0x000000008a300000, 0x000000008a300000| Untracked 
| 138|0x000000008a400000, 0x000000008a400000, 0x000000008a500000|  0%| F|  |TAMS 0x000000008a400000, 0x000000008a400000| Untracked 
| 139|0x000000008a500000, 0x000000008a500000, 0x000000008a600000|  0%| F|  |TAMS 0x000000008a500000, 0x000000008a500000| Untracked 
| 140|0x000000008a600000, 0x000000008a600000, 0x000000008a700000|  0%| F|  |TAMS 0x000000008a600000, 0x000000008a600000| Untracked 
| 141|0x000000008a700000, 0x000000008a700000, 0x000000008a800000|  0%| F|  |TAMS 0x000000008a700000, 0x000000008a700000| Untracked 
| 142|0x000000008a800000, 0x000000008a800000, 0x000000008a900000|  0%| F|  |TAMS 0x000000008a800000, 0x000000008a800000| Untracked 
| 143|0x000000008a900000, 0x000000008a900000, 0x000000008aa00000|  0%| F|  |TAMS 0x000000008a900000, 0x000000008a900000| Untracked 
| 144|0x000000008aa00000, 0x000000008aa00000, 0x000000008ab00000|  0%| F|  |TAMS 0x000000008aa00000, 0x000000008aa00000| Untracked 
| 145|0x000000008ab00000, 0x000000008ab00000, 0x000000008ac00000|  0%| F|  |TAMS 0x000000008ab00000, 0x000000008ab00000| Untracked 
| 146|0x000000008ac00000, 0x000000008ac00000, 0x000000008ad00000|  0%| F|  |TAMS 0x000000008ac00000, 0x000000008ac00000| Untracked 
| 147|0x000000008ad00000, 0x000000008ad00000, 0x000000008ae00000|  0%| F|  |TAMS 0x000000008ad00000, 0x000000008ad00000| Untracked 
| 148|0x000000008ae00000, 0x000000008ae00000, 0x000000008af00000|  0%| F|  |TAMS 0x000000008ae00000, 0x000000008ae00000| Untracked 
| 149|0x000000008af00000, 0x000000008af00000, 0x000000008b000000|  0%| F|  |TAMS 0x000000008af00000, 0x000000008af00000| Untracked 
| 150|0x000000008b000000, 0x000000008b000000, 0x000000008b100000|  0%| F|  |TAMS 0x000000008b000000, 0x000000008b000000| Untracked 
| 151|0x000000008b100000, 0x000000008b100000, 0x000000008b200000|  0%| F|  |TAMS 0x000000008b100000, 0x000000008b100000| Untracked 
| 152|0x000000008b200000, 0x000000008b200000, 0x000000008b300000|  0%| F|  |TAMS 0x000000008b200000, 0x000000008b200000| Untracked 
| 153|0x000000008b300000, 0x000000008b300000, 0x000000008b400000|  0%| F|  |TAMS 0x000000008b300000, 0x000000008b300000| Untracked 

Card table byte_map: [0x000001d15c310000,0x000001d15c710000] _byte_map_base: 0x000001d15bf03000

Marking Bits (Prev, Next): (CMBitMap*) 0x000001d1449f9f60, (CMBitMap*) 0x000001d1449f9f28
 Prev Bits: [0x000001d15eab0000, 0x000001d160a48000)
 Next Bits: [0x000001d15cb10000, 0x000001d15eaa8000)

Polling page: 0x000001d143690000

Metaspace:

Usage:
  Non-class:     43.21 MB capacity,    42.25 MB ( 98%) used,   810.57 KB (  2%) free+waste,   172.38 KB ( <1%) overhead. 
      Class:      6.72 MB capacity,     6.16 MB ( 92%) used,   490.55 KB (  7%) free+waste,    85.38 KB (  1%) overhead. 
       Both:     49.92 MB capacity,    48.40 MB ( 97%) used,     1.27 MB (  3%) free+waste,   257.75 KB ( <1%) overhead. 

Virtual space:
  Non-class space:       54.00 MB reserved,      43.40 MB ( 80%) committed 
      Class space:        1.00 GB reserved,       6.75 MB ( <1%) committed 
             Both:        1.05 GB reserved,      50.15 MB (  5%) committed 

Chunk freelists:
   Non-Class:  1.25 KB
       Class:  128 bytes
        Both:  1.38 KB

CodeHeap 'non-profiled nmethods': size=238912Kb used=7042Kb max_used=7042Kb free=231869Kb
 bounds [0x000001d14d5c0000, 0x000001d14dcb0000, 0x000001d15bf10000]
CodeHeap 'non-nmethods': size=6848Kb used=2329Kb max_used=2329Kb free=4518Kb
 bounds [0x000001d14cf10000, 0x000001d14d180000, 0x000001d14d5c0000]
 total_blobs=4825 nmethods=4248 adapters=485
 compilation: enabled
              stopped_count=0, restarted_count=0
 full_count=0

Compilation events (10 events):
Event: 6.248 Thread 0x000001d16386f000 4244       1       java.lang.Class::privateGetDeclaredFields (64 bytes)
Event: 6.248 Thread 0x000001d16386f000 nmethod 4244 0x000001d14dc9f410 code [0x000001d14dc9f600, 0x000001d14dc9f9a0]
Event: 6.249 Thread 0x000001d16407e800 4245       1       org.springframework.core.MethodParameter::getAnnotatedElement (5 bytes)
Event: 6.249 Thread 0x000001d165149800 4246       1       org.springframework.util.ClassUtils::isAssignableValue (34 bytes)
Event: 6.249 Thread 0x000001d16407e800 nmethod 4245 0x000001d14dc9fb90 code [0x000001d14dc9fd40, 0x000001d14dc9fe58]
Event: 6.250 Thread 0x000001d165149800 nmethod 4246 0x000001d14dc9ff10 code [0x000001d14dca00e0, 0x000001d14dca0300]
Event: 6.251 Thread 0x000001d16407e800 4248       1       java.util.regex.Pattern::nextEscaped (19 bytes)
Event: 6.251 Thread 0x000001d16386f000 4247       1       java.util.regex.Pattern::unread (11 bytes)
Event: 6.251 Thread 0x000001d16386f000 nmethod 4247 0x000001d14dca0410 code [0x000001d14dca05c0, 0x000001d14dca06d8]
Event: 6.251 Thread 0x000001d16407e800 nmethod 4248 0x000001d14dca0790 code [0x000001d14dca0940, 0x000001d14dca0a98]

GC Heap History (10 events):
Event: 2.312 GC heap after
{Heap after GC invocations=7 (full 0):
 garbage-first heap   total 131072K, used 11662K [0x0000000081a00000, 0x0000000100000000)
  region size 1024K, 5 young (5120K), 5 survivors (5120K)
 Metaspace       used 24786K, capacity 25606K, committed 25776K, reserved 1071104K
  class space    used 2939K, capacity 3266K, committed 3328K, reserved 1048576K
}
Event: 3.439 GC heap before
{Heap before GC invocations=7 (full 0):
 garbage-first heap   total 131072K, used 84366K [0x0000000081a00000, 0x0000000100000000)
  region size 1024K, 76 young (77824K), 5 survivors (5120K)
 Metaspace       used 30791K, capacity 31933K, committed 32176K, reserved 1077248K
  class space    used 3865K, capacity 4300K, committed 4352K, reserved 1048576K
}
Event: 3.451 GC heap after
{Heap after GC invocations=8 (full 0):
 garbage-first heap   total 157696K, used 15331K [0x0000000081a00000, 0x0000000100000000)
  region size 1024K, 8 young (8192K), 8 survivors (8192K)
 Metaspace       used 30791K, capacity 31933K, committed 32176K, reserved 1077248K
  class space    used 3865K, capacity 4300K, committed 4352K, reserved 1048576K
}
Event: 3.710 GC heap before
{Heap before GC invocations=8 (full 0):
 garbage-first heap   total 157696K, used 100323K [0x0000000081a00000, 0x0000000100000000)
  region size 1024K, 92 young (94208K), 8 survivors (8192K)
 Metaspace       used 32779K, capacity 33929K, committed 34224K, reserved 1079296K
  class space    used 4066K, capacity 4540K, committed 4608K, reserved 1048576K
}
Event: 3.721 GC heap after
{Heap after GC invocations=9 (full 0):
 garbage-first heap   total 157696K, used 16969K [0x0000000081a00000, 0x0000000100000000)
  region size 1024K, 7 young (7168K), 7 survivors (7168K)
 Metaspace       used 32779K, capacity 33929K, committed 34224K, reserved 1079296K
  class space    used 4066K, capacity 4540K, committed 4608K, reserved 1048576K
}
Event: 4.006 GC heap before
{Heap before GC invocations=9 (full 0):
 garbage-first heap   total 157696K, used 45641K [0x0000000081a00000, 0x0000000100000000)
  region size 1024K, 37 young (37888K), 7 survivors (7168K)
 Metaspace       used 34539K, capacity 35763K, committed 35888K, reserved 1081344K
  class space    used 4263K, capacity 4730K, committed 4736K, reserved 1048576K
}
Event: 4.016 GC heap after
{Heap after GC invocations=10 (full 0):
 garbage-first heap   total 157696K, used 17838K [0x0000000081a00000, 0x0000000100000000)
  region size 1024K, 7 young (7168K), 7 survivors (7168K)
 Metaspace       used 34539K, capacity 35763K, committed 35888K, reserved 1081344K
  class space    used 4263K, capacity 4730K, committed 4736K, reserved 1048576K
}
Event: 4.426 GC heap before
{Heap before GC invocations=11 (full 0):
 garbage-first heap   total 157696K, used 36270K [0x0000000081a00000, 0x0000000100000000)
  region size 1024K, 26 young (26624K), 7 survivors (7168K)
 Metaspace       used 39555K, capacity 40822K, committed 40860K, reserved 1095680K
  class space    used 4859K, capacity 5352K, committed 5376K, reserved 1048576K
}
Event: 4.437 GC heap after
{Heap after GC invocations=12 (full 0):
 garbage-first heap   total 157696K, used 19556K [0x0000000081a00000, 0x0000000100000000)
  region size 1024K, 9 young (9216K), 9 survivors (9216K)
 Metaspace       used 39555K, capacity 40822K, committed 40860K, reserved 1095680K
  class space    used 4859K, capacity 5352K, committed 5376K, reserved 1048576K
}
Event: 6.256 GC heap before
{Heap before GC invocations=13 (full 0):
 garbage-first heap   total 157696K, used 104548K [0x0000000081a00000, 0x0000000100000000)
  region size 1024K, 92 young (94208K), 9 survivors (9216K)
 Metaspace       used 49562K, capacity 51121K, committed 51356K, reserved 1103872K
  class space    used 6303K, capacity 6879K, committed 6912K, reserved 1048576K
}

Deoptimization events (0 events):
No events

Classes redefined (0 events):
No events

Internal exceptions (10 events):
Event: 6.026 Thread 0x000001d164bd0000 Exception <a 'java/lang/ClassNotFoundException'{0x00000000869be260}: org/springframework/web/servlet/config/annotation/DelegatingWebMvcConfigurationCustomizer> (0x00000000869be260) thrown at [c:/cygwin64/tmp/tmp.TXOXHbs2hY/workspace/build/src/src/hotspot/
Event: 6.027 Thread 0x000001d164bd0000 Exception <a 'java/lang/ClassNotFoundException'{0x00000000869e6738}: org/springframework/boot/autoconfigure/web/servlet/WebMvcAutoConfiguration$EnableWebMvcConfigurationCustomizer> (0x00000000869e6738) thrown at [c:/cygwin64/tmp/tmp.TXOXHbs2hY/workspace/b
Event: 6.028 Thread 0x000001d164bd0000 Exception <a 'java/lang/ClassNotFoundException'{0x000000008680dd10}: org/springframework/context/ResourceLoaderAwareCustomizer> (0x000000008680dd10) thrown at [c:/cygwin64/tmp/tmp.TXOXHbs2hY/workspace/build/src/src/hotspot/share/classfile/systemDictionary
Event: 6.029 Thread 0x000001d164bd0000 Exception <a 'java/lang/ClassNotFoundException'{0x0000000086826660}: org/springframework/beans/factory/AwareCustomizer> (0x0000000086826660) thrown at [c:/cygwin64/tmp/tmp.TXOXHbs2hY/workspace/build/src/src/hotspot/share/classfile/systemDictionary.cpp, li
Event: 6.030 Thread 0x000001d164bd0000 Exception <a 'java/lang/ClassNotFoundException'{0x0000000086840920}: org/springframework/context/ApplicationContextAwareCustomizer> (0x0000000086840920) thrown at [c:/cygwin64/tmp/tmp.TXOXHbs2hY/workspace/build/src/src/hotspot/share/classfile/systemDictio
Event: 6.031 Thread 0x000001d164bd0000 Exception <a 'java/lang/ClassNotFoundException'{0x0000000086859c00}: org/springframework/beans/factory/AwareCustomizer> (0x0000000086859c00) thrown at [c:/cygwin64/tmp/tmp.TXOXHbs2hY/workspace/build/src/src/hotspot/share/classfile/systemDictionary.cpp, li
Event: 6.031 Thread 0x000001d164bd0000 Exception <a 'java/lang/ClassNotFoundException'{0x0000000086873e98}: org/springframework/web/context/ServletContextAwareCustomizer> (0x0000000086873e98) thrown at [c:/cygwin64/tmp/tmp.TXOXHbs2hY/workspace/build/src/src/hotspot/share/classfile/systemDictio
Event: 6.032 Thread 0x000001d164bd0000 Exception <a 'java/lang/ClassNotFoundException'{0x000000008688cea8}: org/springframework/beans/factory/AwareCustomizer> (0x000000008688cea8) thrown at [c:/cygwin64/tmp/tmp.TXOXHbs2hY/workspace/build/src/src/hotspot/share/classfile/systemDictionary.cpp, li
Event: 6.199 Thread 0x000001d164bd0000 Exception <a 'java/lang/NoSuchMethodError'{0x0000000085ce8ca8}: java.lang.invoke.DirectMethodHandle$Holder.invokeVirtual(Ljava/lang/Object;Ljava/lang/Object;I)V> (0x0000000085ce8ca8) thrown at [c:/cygwin64/tmp/tmp.TXOXHbs2hY/workspace/build/src/src/hotspo
Event: 6.201 Thread 0x000001d164bd0000 Exception <a 'java/lang/NoSuchMethodError'{0x0000000085b02d70}: java.lang.invoke.DirectMethodHandle$Holder.invokeVirtual(Ljava/lang/Object;Ljava/lang/Object;J)V> (0x0000000085b02d70) thrown at [c:/cygwin64/tmp/tmp.TXOXHbs2hY/workspace/build/src/src/hotspo

Events (10 events):
Event: 6.254 loading class org/springframework/web/servlet/mvc/condition/RequestCondition done
Event: 6.254 loading class org/springframework/web/servlet/mvc/condition/PathPatternsRequestCondition
Event: 6.254 loading class org/springframework/web/servlet/mvc/condition/PathPatternsRequestCondition done
Event: 6.255 loading class org/springframework/web/servlet/mvc/condition/AbstractRequestCondition
Event: 6.255 loading class org/springframework/web/servlet/mvc/condition/AbstractRequestCondition done
Event: 6.255 loading class org/springframework/web/servlet/mvc/condition/PatternsRequestCondition
Event: 6.255 loading class org/springframework/web/servlet/mvc/condition/PatternsRequestCondition done
Event: 6.255 loading class org/springframework/web/util/pattern/PathPattern
Event: 6.255 loading class org/springframework/web/util/pattern/PathPattern done
Event: 6.256 Executing VM operation: G1CollectForAllocation


Dynamic libraries:
0x00007ff7a2ba0000 - 0x00007ff7a2bdc000 	C:\it_22\tools\pleiades\java\11\bin\javaw.exe
0x00007ffb15030000 - 0x00007ffb15228000 	C:\WINDOWS\SYSTEM32\ntdll.dll
0x00007ffb13290000 - 0x00007ffb1334d000 	C:\WINDOWS\System32\KERNEL32.DLL
0x00007ffb12750000 - 0x00007ffb12a1e000 	C:\WINDOWS\System32\KERNELBASE.dll
0x00007ffb134e0000 - 0x00007ffb13680000 	C:\WINDOWS\System32\USER32.dll
0x00007ffb12c60000 - 0x00007ffb12c82000 	C:\WINDOWS\System32\win32u.dll
0x00007ffb133f0000 - 0x00007ffb1341a000 	C:\WINDOWS\System32\GDI32.dll
0x00007ffb12de0000 - 0x00007ffb12eeb000 	C:\WINDOWS\System32\gdi32full.dll
0x00007ffb12d40000 - 0x00007ffb12ddd000 	C:\WINDOWS\System32\msvcp_win.dll
0x00007ffb12f90000 - 0x00007ffb13090000 	C:\WINDOWS\System32\ucrtbase.dll
0x00007ffafbce0000 - 0x00007ffafbf7a000 	C:\WINDOWS\WinSxS\amd64_microsoft.windows.common-controls_6595b64144ccf1df_6.0.19041.1110_none_60b5254171f9507e\COMCTL32.dll
0x00007ffb142f0000 - 0x00007ffb1438e000 	C:\WINDOWS\System32\msvcrt.dll
0x00007ffb139e0000 - 0x00007ffb13a10000 	C:\WINDOWS\System32\IMM32.DLL
0x00007ffb06150000 - 0x00007ffb06346000 	C:\WINDOWS\system32\tmumh\20019\AddOn\8.55.0.1074\TmUmEvt64.dll
0x00007ffb139c0000 - 0x00007ffb139c8000 	C:\WINDOWS\System32\PSAPI.DLL
0x00007ffb131e0000 - 0x00007ffb1328e000 	C:\WINDOWS\System32\ADVAPI32.dll
0x00007ffb13350000 - 0x00007ffb133ec000 	C:\WINDOWS\System32\sechost.dll
0x00007ffb130b0000 - 0x00007ffb131d5000 	C:\WINDOWS\System32\RPCRT4.dll
0x0000000054160000 - 0x00000000542cf000 	C:\WINDOWS\system32\tmumh\20019\TmMon\2.9.0.1036\tmmon64.dll
0x00007ffb13a10000 - 0x00007ffb13a65000 	C:\WINDOWS\System32\SHLWAPI.dll
0x00007ffacc100000 - 0x00007ffacc1ef000 	C:\it_22\tools\pleiades\java\11\bin\msvcr120.dll
0x00007ffad7640000 - 0x00007ffad76e6000 	C:\it_22\tools\pleiades\java\11\bin\msvcp120.dll
0x00007ffaa3c60000 - 0x00007ffaa4733000 	C:\it_22\tools\pleiades\java\11\bin\server\jvm.dll
0x00007ffaf0cf0000 - 0x00007ffaf0cf9000 	C:\WINDOWS\SYSTEM32\WSOCK32.dll
0x00007ffb14f80000 - 0x00007ffb14feb000 	C:\WINDOWS\System32\WS2_32.dll
0x00007ffb01790000 - 0x00007ffb017b7000 	C:\WINDOWS\SYSTEM32\WINMM.dll
0x00007ffb06c50000 - 0x00007ffb06c5a000 	C:\WINDOWS\SYSTEM32\VERSION.dll
0x00007ffb0cf40000 - 0x00007ffb0cf4f000 	C:\it_22\tools\pleiades\java\11\bin\verify.dll
0x00007ffb10d10000 - 0x00007ffb10ef4000 	C:\WINDOWS\SYSTEM32\DBGHELP.DLL
0x00007ffb06d30000 - 0x00007ffb06d5c000 	C:\WINDOWS\SYSTEM32\dbgcore.DLL
0x00007ffb12a20000 - 0x00007ffb12aa2000 	C:\WINDOWS\System32\bcryptPrimitives.dll
0x00007ffaf2630000 - 0x00007ffaf2656000 	C:\it_22\tools\pleiades\java\11\bin\java.dll
0x00007ffb083c0000 - 0x00007ffb083d6000 	C:\it_22\tools\pleiades\java\11\bin\zip.dll
0x00007ffb075e0000 - 0x00007ffb075ea000 	C:\it_22\tools\pleiades\java\11\bin\jimage.dll
0x00007ffb13a70000 - 0x00007ffb141b4000 	C:\WINDOWS\System32\SHELL32.dll
0x00007ffb10560000 - 0x00007ffb10cf4000 	C:\WINDOWS\SYSTEM32\windows.storage.dll
0x00007ffb14590000 - 0x00007ffb148e4000 	C:\WINDOWS\System32\combase.dll
0x00007ffb12140000 - 0x00007ffb12170000 	C:\WINDOWS\SYSTEM32\Wldp.dll
0x00007ffb13430000 - 0x00007ffb134dd000 	C:\WINDOWS\System32\SHCORE.dll
0x00007ffb12690000 - 0x00007ffb126af000 	C:\WINDOWS\SYSTEM32\profapi.dll
0x00007ffaf7020000 - 0x00007ffaf7038000 	C:\it_22\tools\pleiades\java\11\bin\net.dll
0x00007ffb04160000 - 0x00007ffb0426a000 	C:\WINDOWS\SYSTEM32\WINHTTP.dll
0x00007ffb11e40000 - 0x00007ffb11eaa000 	C:\WINDOWS\system32\mswsock.dll
0x00007ffaf3910000 - 0x00007ffaf3921000 	C:\it_22\tools\pleiades\java\11\bin\nio.dll
0x00007ffb05430000 - 0x00007ffb05439000 	C:\it_22\tools\pleiades\java\11\bin\management.dll
0x00007ffb01d90000 - 0x00007ffb01d9a000 	C:\it_22\tools\pleiades\java\11\bin\management_ext.dll
0x00007ffafc5b0000 - 0x00007ffafc5c7000 	C:\WINDOWS\system32\napinsp.dll
0x00007ffaf92d0000 - 0x00007ffaf92eb000 	C:\WINDOWS\system32\pnrpnsp.dll
0x00007ffb07730000 - 0x00007ffb0774d000 	C:\WINDOWS\system32\NLAapi.dll
0x00007ffb11b30000 - 0x00007ffb11b6b000 	C:\WINDOWS\SYSTEM32\IPHLPAPI.DLL
0x00007ffb0d3d0000 - 0x00007ffb0d3e5000 	C:\WINDOWS\system32\wshbth.dll
0x00007ffb11b70000 - 0x00007ffb11c3b000 	C:\WINDOWS\SYSTEM32\DNSAPI.dll
0x00007ffb139d0000 - 0x00007ffb139d8000 	C:\WINDOWS\System32\NSI.dll
0x00007ffaf7aa0000 - 0x00007ffaf7ab2000 	C:\WINDOWS\System32\winrnr.dll
0x00007ffb04140000 - 0x00007ffb0414a000 	C:\Windows\System32\rasadhlp.dll
0x00007ffb04270000 - 0x00007ffb042f0000 	C:\WINDOWS\System32\fwpuclnt.dll
0x00007ffb12f60000 - 0x00007ffb12f87000 	C:\WINDOWS\System32\bcrypt.dll
0x00007ffb12090000 - 0x00007ffb120a8000 	C:\WINDOWS\SYSTEM32\CRYPTSP.dll
0x00007ffb117c0000 - 0x00007ffb117f4000 	C:\WINDOWS\system32\rsaenh.dll
0x00007ffb12610000 - 0x00007ffb1263e000 	C:\WINDOWS\SYSTEM32\USERENV.dll
0x00007ffb120b0000 - 0x00007ffb120bc000 	C:\WINDOWS\SYSTEM32\CRYPTBASE.dll
0x00007ffb04d40000 - 0x00007ffb04d57000 	C:\WINDOWS\SYSTEM32\dhcpcsvc6.DLL
0x00007ffb05ce0000 - 0x00007ffb05cfd000 	C:\WINDOWS\SYSTEM32\dhcpcsvc.DLL
0x00007ffadf270000 - 0x00007ffadf295000 	C:\it_22\tools\pleiades\java\11\bin\sunec.dll
0x00007ffafc5a0000 - 0x00007ffafc5ab000 	C:\it_22\tools\pleiades\java\11\bin\sunmscapi.dll
0x00007ffb12b00000 - 0x00007ffb12c56000 	C:\WINDOWS\System32\CRYPT32.dll
0x00007ffb121b0000 - 0x00007ffb121d7000 	C:\WINDOWS\SYSTEM32\ncrypt.dll
0x00007ffb12170000 - 0x00007ffb121ab000 	C:\WINDOWS\SYSTEM32\NTASN1.dll

dbghelp: loaded successfully - version: 4.0.5 - missing functions: none
symbol engine: initialized successfully - sym options: 0x614 - pdb path: .;C:\it_22\tools\pleiades\java\11\bin;C:\WINDOWS\SYSTEM32;C:\WINDOWS\WinSxS\amd64_microsoft.windows.common-controls_6595b64144ccf1df_6.0.19041.1110_none_60b5254171f9507e;C:\WINDOWS\system32\tmumh\20019\AddOn\8.55.0.1074;C:\WINDOWS\system32\tmumh\20019\TmMon\2.9.0.1036;C:\it_22\tools\pleiades\java\11\bin\server

VM Arguments:
jvm_args: -Dcom.sun.management.jmxremote -Dcom.sun.management.jmxremote.port=56878 -Dcom.sun.management.jmxremote.authenticate=false -Dcom.sun.management.jmxremote.ssl=false -Djava.rmi.server.hostname=localhost -Dspring.liveBeansView.mbeanDomain -Dspring.application.admin.enabled=true -Xverify:none -XX:TieredStopAtLevel=1 -Dfile.encoding=UTF-8 
java_command: jp.co.worldss.MybootApp3Application --spring.output.ansi.enabled=always
java_class_path (initial): C:\it_22\Springboot\MybootApp-3\bin\main;C:\it_22\Springboot\MybootApp-3\bin\test;\MybootApp-3\bin\default;C:\Users\18034S\.gradle\caches\modules-2\files-2.1\org.springframework.boot\spring-boot-starter-data-jdbc\2.7.1\2916d532662c696b3d4960e8c17b7263afa3a004\spring-boot-starter-data-jdbc-2.7.1.jar;C:\Users\18034S\.gradle\caches\modules-2\files-2.1\org.springframework.boot\spring-boot-starter-thymeleaf\2.7.1\76b36fc78c80ca34832b670e6551845a0c76ce44\spring-boot-starter-thymeleaf-2.7.1.jar;C:\Users\18034S\.gradle\caches\modules-2\files-2.1\org.springframework.boot\spring-boot-starter-web\2.7.1\29f47f503f9955b1a9746870aeaebdba448416d\spring-boot-starter-web-2.7.1.jar;C:\Users\18034S\.gradle\caches\modules-2\files-2.1\org.springframework.boot\spring-boot-starter-data-jpa\2.7.1\39e98264c195a06c8c29a63c24b6ce295ca10795\spring-boot-starter-data-jpa-2.7.1.jar;C:\Users\18034S\.gradle\caches\modules-2\files-2.1\com.h2database\h2\2.1.214\d5c2005c9e3279201e12d4776c948578b16bf8b2\h2-2.1.214.jar;C:\Users\18034S\.gradle\caches\modules-2\files-2.1\org.springframework.boot\spring-boot-devtools\2.7.1\cb154a2b04532d9cb7c0b4a04132c57bf8efae31\spring-boot-devtools-2.7.1.jar;C:\Users\18034S\.gradle\caches\modules-2\files-2.1\org.springframework.boot\spring-boot-starter-jdbc\2.7.1\bba8a72a8042cec0b7961f11b0b3332724f5845e\spring-boot-starter-jdbc-2.7.1.jar;C:\Users\18034S\.gradle\caches\modules-2\files-2.1\org.springframework.data\spring-data-jdbc\2.4.1\60e1954e464b4864b6dc31d95e49470c50775176\spring-data-jdbc-2.4.1.jar;C:\Users\18034S\.gradle\caches\modules-2\files-2.1\org.springframework.boot\spring-boot-starter-json\2.7.1\711889df8474d7f0271b1e25cd75a9249e0a4621\spring-boot-starter-json-2.7.1.jar;C:\Users\18034S\.gradle\caches\modules-2\files-2.1\org.springframework.boot\spring-boot-starter-aop\2.7.1\e7c78497e3528ae3037c723259b4b0944994f03\spring-boot-starter-aop-2.7.1.jar;C:\Users\18034S\.gradle\caches\modules-2\files-2.1\org.springframework.boot\spring-boo
Launcher Type: SUN_STANDARD

[Global flags]
     bool BytecodeVerificationLocal                = false                                     {product} {command line}
     bool BytecodeVerificationRemote               = false                                     {product} {command line}
     intx CICompilerCount                          = 3                                         {product} {ergonomic}
     uint ConcGCThreads                            = 1                                         {product} {ergonomic}
     uint G1ConcRefinementThreads                  = 4                                         {product} {ergonomic}
   size_t G1HeapRegionSize                         = 1048576                                   {product} {ergonomic}
    uintx GCDrainStackTargetSize                   = 64                                        {product} {ergonomic}
   size_t InitialHeapSize                          = 134217728                                 {product} {ergonomic}
     bool ManagementServer                         = true                                      {product} {command line}
   size_t MarkStackSize                            = 4194304                                   {product} {ergonomic}
   size_t MaxHeapSize                              = 2120220672                                {product} {ergonomic}
   size_t MaxNewSize                               = 1271922688                                {product} {ergonomic}
   size_t MinHeapDeltaBytes                        = 1048576                                   {product} {ergonomic}
    uintx NonNMethodCodeHeapSize                   = 6973028                                {pd product} {ergonomic}
    uintx NonProfiledCodeHeapSize                  = 244685212                              {pd product} {ergonomic}
    uintx ProfiledCodeHeapSize                     = 0                                      {pd product} {ergonomic}
    uintx ReservedCodeCacheSize                    = 251658240                              {pd product} {ergonomic}
     bool SegmentedCodeCache                       = true                                      {product} {ergonomic}
     intx TieredStopAtLevel                        = 1                                         {product} {command line}
     bool UseCompressedClassPointers               = true                                 {lp64_product} {ergonomic}
     bool UseCompressedOops                        = true                                 {lp64_product} {ergonomic}
     bool UseG1GC                                  = true                                      {product} {ergonomic}
     bool UseLargePagesIndividualAllocation        = false                                  {pd product} {ergonomic}

Logging:
Log output configuration:
 #0: stdout all=warning uptime,level,tags
 #1: stderr all=off uptime,level,tags

Environment Variables:
PATH=C:/it_22/tools/pleiades/eclipse/jre/bin/../jre/bin/server;C:/it_22/tools/pleiades/eclipse/jre/bin/../jre/bin;C:/it_22/tools/pleiades/eclipse/jre/bin/../jre/lib/amd64;C:\Program Files (x86)\Intel\Intel(R) Management Engine Components\iCLS\;C:\Program Files\Intel\Intel(R) Management Engine Components\iCLS\;C:\WINDOWS\system32;C:\WINDOWS;C:\WINDOWS\System32\Wbem;C:\WINDOWS\System32\WindowsPowerShell\v1.0\;C:\WINDOWS\System32\OpenSSH\;C:\Program Files\Intel\WiFi\bin\;C:\Program Files\Common Files\Intel\WirelessCommon\;C:\Program Files (x86)\Intel\Intel(R) Management Engine Components\DAL;C:\Program Files\Intel\Intel(R) Management Engine Components\DAL;C:\Program Files (x86)\Intel\Intel(R) Management Engine Components\IPT;C:\Program Files\Intel\Intel(R) Management Engine Components\IPT;C:\it_22\tools\spring-2.0.0.BUILD-SNAPSHOT\bin;C:\it_22\tools\pleiades\java\11\bin;C:\Program Files\Git\cmd;C:\it_22\tools\gradle-7.5\bin;C:\it_22\tools\apache-maven-3.8.6\bin;C:\Users\18034S\AppData\Local\Microsoft\WindowsApps;;C:\it_22\tools\pleiades\eclipse;
USERNAME=18034S
OS=Windows_NT
PROCESSOR_IDENTIFIER=Intel64 Family 6 Model 142 Stepping 9, GenuineIntel



---------------  S Y S T E M  ---------------

OS: Windows 10 , 64 bit Build 19041 (10.0.19041.1806)

CPU:total 4 (initial active 4) (2 cores per cpu, 2 threads per core) family 6 model 142 stepping 9, cmov, cx8, fxsr, mmx, sse, sse2, sse3, ssse3, sse4.1, sse4.2, popcnt, avx, avx2, aes, clmul, erms, 3dnowpref, lzcnt, ht, tsc, tscinvbit, bmi1, bmi2, adx, fma

Memory: 4k page, system-wide physical 8083M (344M free)
TotalPageFile size 12179M (AvailPageFile size 4M)
current process WorkingSet (physical memory assigned to process): 242M, peak: 242M
current process commit charge ("private bytes"): 306M, peak: 332M

vm_info: OpenJDK 64-Bit Server VM (11+28-201810022317) for windows-amd64 JRE (11+28-201810022317), built on Oct  2 2018 18:21:21 by "" with MS VC++ 12.0 (VS2013)

END.
